<?xml version="1.0" encoding="UTF-8"?>
<!-- Generated by org.testng.reporters.JUnitXMLReporter -->
<testsuite ignored="0" hostname="LAPTOP-N2BE1DCI" failures="0" tests="3" name="Submit Order Test" time="29.946" errors="0" timestamp="2025-04-16T21:03:46 IST">
  <testcase classname="Tests.SubmitOrderTest" name="submitOrder" time="3.36"/>
  <testcase classname="Tests.SubmitOrderTest" name="submitOrder" time="3.329"/>
  <testcase classname="Tests.SubmitOrderTest" name="OrderHistoryTest" time="0.61"/>
</testsuite> <!-- Submit Order Test -->
