<?xml version="1.0" encoding="UTF-8"?>
<testsuite xmlns:xsi="http://www.w3.org/2001/XMLSchema-instance" xsi:noNamespaceSchemaLocation="https://maven.apache.org/surefire/maven-surefire-plugin/xsd/surefire-test-report-3.0.xsd" version="3.0" name="TestSuite" time="27.635" tests="3" errors="0" skipped="1" failures="0">
  <properties>
[...]
</properties>
  <testcase name="LoginErrorValidation" classname="Tests.ErrorValidationsTest" time="1.346">
    <system-out><![CDATA[Error Message: Incorrect email or password.
]]></system-out>
    <system-err><![CDATA[SLF4J(W): No SLF4J providers were found.
SLF4J(W): Defaulting to no-operation (NOP) logger implementation
SLF4J(W): See https://www.slf4j.org/codes.html#noProviders for further details.
Apr 16, 2025 9:00:29 PM org.openqa.selenium.manager.SeleniumManager lambda$runCommand$1
WARNING: The chromedriver version (134.0.6998.88) detected in PATH at C:\Users\PC\chromedriver\chromedriver.exe might not be compatible with the detected chrome version (135.0.7049.95); currently, chromedriver 135.0.7049.95 is recommended for chrome 135.*, so it is advised to delete the driver in PATH and retry
Apr 16, 2025 9:00:29 PM org.openqa.selenium.manager.SeleniumManager lambda$runCommand$1
WARNING: The chromedriver version (134.0.6998.88) detected in PATH at C:\Users\PC\chromedriver\chromedriver.exe might not be compatible with the detected chrome version (135.0.7049.95); currently, chromedriver 135.0.7049.95 is recommended for chrome 135.*, so it is advised to delete the driver in PATH and retry
Apr 16, 2025 9:00:30 PM org.openqa.selenium.devtools.CdpVersionFinder findNearestMatch
WARNING: Unable to find an exact match for CDP version 135, returning the closest version; found: 133; Please update to a Selenium version that supports CDP version 135
Apr 16, 2025 9:00:30 PM org.openqa.selenium.devtools.CdpVersionFinder findNearestMatch
WARNING: Unable to find an exact match for CDP version 135, returning the closest version; found: 133; Please update to a Selenium version that supports CDP version 135
]]></system-err>
  </testcase>
  <testcase name="ProductErrorValidation" classname="Tests.ErrorValidationsTest" time="1.538">
    <system-err><![CDATA[Apr 16, 2025 9:00:37 PM org.openqa.selenium.manager.SeleniumManager lambda$runCommand$1
WARNING: The chromedriver version (134.0.6998.88) detected in PATH at C:\Users\PC\chromedriver\chromedriver.exe might not be compatible with the detected chrome version (135.0.7049.95); currently, chromedriver 135.0.7049.95 is recommended for chrome 135.*, so it is advised to delete the driver in PATH and retry
Apr 16, 2025 9:00:38 PM org.openqa.selenium.devtools.CdpVersionFinder findNearestMatch
WARNING: Unable to find an exact match for CDP version 135, returning the closest version; found: 133; Please update to a Selenium version that supports CDP version 135
Apr 16, 2025 9:00:41 PM org.openqa.selenium.manager.SeleniumManager lambda$runCommand$1
WARNING: The chromedriver version (134.0.6998.88) detected in PATH at C:\Users\PC\chromedriver\chromedriver.exe might not be compatible with the detected chrome version (135.0.7049.95); currently, chromedriver 135.0.7049.95 is recommended for chrome 135.*, so it is advised to delete the driver in PATH and retry
Apr 16, 2025 9:00:43 PM org.openqa.selenium.devtools.CdpVersionFinder findNearestMatch
WARNING: Unable to find an exact match for CDP version 135, returning the closest version; found: 133; Please update to a Selenium version that supports CDP version 135
]]></system-err>
  </testcase>
  <testcase name="OrderHistoryTest" classname="Tests.SubmitOrderTest" time="0">
    <skipped message="Method Tests.SubmitOrderTest.OrderHistoryTest() on instance Tests.SubmitOrderTest@2ab4bc72 depends on not successfully finished methods &#10;[Tests.SubmitOrderTest.submitOrder() on instance Tests.SubmitOrderTest@2ab4bc72]"/>
  </testcase>
</testsuite>